142.232 7.1739
139.412 7.51835
137.857 8.20212
136.698 7.8956
139.544 8.25377
141.921 7.74575
140.241 8.24752
140.281 6.43763
140.266 8.3125
141.748 7.7013
139.49 7.65152
138.659 8.66066
139.492 8.05153
140.148 7.31453
140.441 7.3174
137.422 8.45627
136.628 8.94459
137.956 8.43069
137.022 8.2259
139.219 7.86249
134.025 8.70053
138.087 7.98101
138.778 8.39608
140.448 8.12603
137.737 8.52092
139.397 8.82962
138.935 7.90443
143.679 8.31923
141.417 7.94251
139.779 9.22468
137.174 8.14592
139.047 7.36661
140.178 7.81081
139.479 8.74004
139.828 7.79007
139.226 7.54377
140.643 6.65459
140.585 7.46756
139.835 8.28132
139.009 7.88979
138.998 8.88761
141.502 7.43474
138.748 8.66993
136.734 8.44545
136.679 7.93611
139.876 8.0589
141.603 8.07545
144.21 8.02114
141.443 6.51371
141.726 7.45915
138.332 7.67178
139.115 7.973
143.117 7.15633
147.016 6.78042
141.297 8.8211
142.326 7.57604
140.065 8.11878
136.766 8.59199
138.635 7.72093
137.426 8.88273
137.013 7.93963
139.812 7.54413
140.696 7.41497
138.711 9.14475
142.036 8.06461
136.913 8.39141
138.086 7.41923
135.695 8.7247
138.089 7.86571
138.526 7.36811
137.72 8.16381
139.71 8.31368
138.463 7.56317
135.465 7.4224
139.366 8.77766
142.097 7.75051
138.787 7.2252
136.475 6.83727
139.618 7.16165
141.228 7.71325
139.938 7.22409
139.913 9.03484
135.185 8.69465
135.849 8.74107
138.619 7.88333
138.693 7.50294
140.249 7.79701
136.375 8.66598
135.267 8.8972
139.234 7.7226
138.203 8.80682
138.579 7.15803
136.807 7.04584
139.871 8.23439
136.183 9.99804
137.144 7.70136
142.342 7.317
141.346 7.54281
141.367 7.52318
138.226 7.41687
138.461 7.4034
139.323 7.3688
138.692 8.99084
141.248 8.18269
141.587 7.44789
141.066 7.92872
137.301 7.94283
136.518 8.14451
139.74 8.07904
140.36 9.06616
137.939 8.54994
137.562 8.39227
140.224 8.10014
139.715 7.63872
140.25 7.96417
141.006 7.90062
139.003 7.38914
137.577 8.16327
139.832 7.85648
138.08 8.41249
141.639 7.34417
140.404 7.94466
141.211 7.99841
140.986 8.6273
136.807 7.50084
140.249 7.84726
141.219 8.10302
139.206 8.09712
140.198 8.23385
139.553 8.88727
142.01 7.71126
143.034 7.81694
142.907 8.59603
145.084 8.62581
142.151 8.1936
142.377 8.13929
140.896 7.15051
144.246 9.01602
146.312 8.48412
141.385 7.8828
140.757 8.40966
142.725 7.55738
139.373 8.23636
142.039 8.21024
140.713 8.17856
141.481 8.13272
145.546 8.16178
143.978 8.50195
141.151 7.16886
137.964 7.65631
141.826 8.28955
141.525 8.38658
144.549 7.71424
145.038 8.2272
143.368 6.98682
144.159 8.13092
141.453 7.47185
143.967 7.68167
142.951 6.76006
139.472 7.62761
140.74 8.27842
143.319 7.46127
142.595 9.4225
142.913 7.40503
143.166 7.36202
142.202 8.25693
142.535 8.14359
141.123 9.59769
142.89 6.60781
141.067 7.88625
140.023 7.85231
143.644 7.82286
141.892 7.89161
142.556 7.31726
140.705 7.29937
140.643 7.93967
140.009 8.0711
137.527 7.21701
142.304 8.02468
143.597 8.28901
139.02 8.74781
139.33 8.06822
140.979 7.84777
141.687 8.6738
140.271 7.22642
138.663 7.67296
137.406 8.59246
138.922 7.40472
142.537 7.12333
139.725 8.14747
141.03 7.956
138.692 7.0591
137.274 8.61884
137.036 9.19794
139.19 7.67228
137.717 8.55966
138.257 8.47761
138.253 8.73822
139.367 7.87766
140.713 7.65049
141.548 8.41631
138.529 8.35717
138.793 7.39136
136.19 8.30441
140.68 7.17663
141.529 8.30373
143.337 7.65659
146.277 6.50588
143.253 6.4366
145.303 7.60263
141.279 7.80861
139.263 7.74413
140.152 7.86088
137.758 7.79657
135.648 8.95775
137.675 8.3071
137.692 8.66156
140.126 7.2653
137.957 7.82298
140.32 8.56588
139.204 7.87209
137.183 8.36462
140.815 7.53708
141.494 7.85147
137.531 7.62618
136.417 7.7414
137.714 7.36916
137.77 8.09556
141.67 8.48013
137.344 9.28248
135.6 7.97419
140.056 7.79564
134.588 7.67312
142.418 8.1578
142.507 7.08105
142.065 8.23721
139.112 8.86527
140.616 8.0337
137.325 7.94667
139.495 8.77305
138.474 7.8379
138.388 7.89279
138.629 7.91444
139.005 7.91752
140.694 8.70009
139.774 7.81167
139.769 8.45139
139.144 8.64217
142.345 7.77948
144.087 8.33689
141.918 7.68569
138.519 8.90355
134.582 7.89231
136.936 8.89981
135.975 7.91644
137.192 7.39282
139.194 8.73191
141.723 6.78867
141.259 8.26832
137.907 7.67439
137.261 7.02981
141.422 7.87307
139.202 8.20149
139.301 6.49731
137.811 8.74265
138.566 7.59256
139.058 7.38116
137.157 8.11904
135.951 6.65428
137.409 9.51582
140.679 7.63207
138.737 9.39542
137.183 8.20592
137.346 7.06616
138.659 7.66331
136.946 8.09223
136.611 8.34097
138.848 8.45499
140.045 8.65557
138.8 7.95068
138.314 8.56034
136.692 8.17878
139.46 7.64562
138.883 7.66216
137.889 8.48507
141.382 8.82166
138.508 8.23239
135.936 8.01341
139.819 8.45676
139.451 8.42098
140.584 7.94473
143.962 9.08742
142.861 8.28919
143.335 6.92159
140.682 7.57079
141.963 7.37585
142.407 8.39876
142.342 8.4419
143.2 8.14204
145.26 8.81691
147.649 8.19555
143.067 7.95005
142.037 8.1621
141.428 8.66399
138.797 7.63812
139.537 8.81584
141.927 8.4391
143.216 7.46566
141.445 7.52083
140.412 8.45508
144.626 8.12728
142.717 8.57825
145.497 7.84605
142.023 7.95579
145.118 7.56066
145.466 7.3124
145.558 7.99579
139.779 8.38106
143.537 7.75969
141.683 8.11798
143.588 8.17704
142.624 8.13105
135.504 8.82717
137.302 8.83212
143.975 7.26131
137.45 8.79149
138.063 6.50803
139.64 8.68659
135.6 8.31852
138.511 7.77804
137.667 6.79213
138.298 7.28386
137.36 8.11563
136.6 8.34718
139.043 7.96663
138.782 7.49679
139.199 7.75942
138.254 8.27651
136.747 7.82525
137.42 8.8085
139.202 7.88965
138.931 8.44259
139.553 8.00805
136.32 9.2252
139.879 8.26817
138.595 7.73499
141.537 7.11723
135.854 8.32936
141.035 7.14122
138.837 7.16199
138.399 7.26598
139.157 8.48795
139.443 7.8519
137.255 6.86434
138.764 8.92209
136.908 7.35516
137.864 7.73419
138.115 7.61694
140.495 7.97043
142.903 7.93721
139.97 8.48797
142.093 8.76321
138.663 8.27734
137.145 8.23699
136.153 9.63931
137.349 8.52218
140.418 8.58672
137.303 8.62685
136.359 8.2493
141.166 7.1981
139.767 7.50065
139.666 7.74253
139.163 6.85128
139.3 8.24366
138.828 8.41222
140.629 9.42283
143.541 8.29808
138.561 8.6953
142.013 7.69091
137.317 7.92373
137.542 6.66849
138.537 9.08613
140.272 7.18644
140.496 9.06708
140.553 7.98581
137.092 8.09599
140.064 8.53991
139.495 7.41833
139.922 7.60519
138.882 7.77224
140.321 7.67368
141.267 8.17121
139.856 8.63769
141.093 8.35714
138.999 8.13516
139.636 9.14753
139.675 8.4906
139.252 7.81577
137.525 8.0372
141.337 7.2093
141.66 8.38491
140.736 7.58743
140.396 7.55566
139.479 8.33502
139.851 8.59913
138.379 9.28618
137.335 8.34083
139.261 7.48276
139.225 8.01953
139.259 8.14179
139.086 8.02258
140.349 7.85974
141.907 7.83754
138.771 8.40566
140.426 7.8131
136.866 7.57533
139.729 8.43529
137.569 8.1588
137.74 8.1685
140.126 8.39839
140.002 8.37257
137.904 7.19181
140.003 6.90845
140.143 7.66205
139.091 8.30608
135.32 7.87098
138.752 7.98097
141.471 7.7852
137.74 7.78777
138.328 7.83081
140.603 7.69121
143.735 7.50448
137.969 7.75575
142.809 6.70006
140.336 8.70239
139.778 8.11049
141.895 7.88512
137.617 7.84938
140.57 8.55336
138.249 8.15608
144.218 7.17549
140.108 7.20714
135.677 7.77654
139.724 7.42371
139.884 7.23136
136.744 8.17097
138.177 8.36623
138.443 8.47407
137.999 8.25797
140.161 7.48318
139.628 6.63205
141.664 7.14296
140.682 7.63596
139.312 8.61601
139.77 8.02124
138.279 7.9566
139.164 8.55228
143.468 7.25771
142.646 7.70032
140.18 8.98863
140.136 7.2259
141.499 8.51886
142.242 8.13082
144.982 8.2981
139.329 8.61256
140.003 8.15594
140.715 9.09311
140.687 7.64106
138.076 8.69449
139.267 8.23764
138.845 8.61179
137.977 7.98577
136.903 7.90345
140.609 8.49462
139.479 7.97073
138.609 7.69463
136.948 8.35863
139.626 7.49009
138.58 8.33478
138.543 7.88643
139.057 7.86329
139.215 7.8981
139.321 7.65571
137.827 7.86271
141.609 7.22077
138.611 7.41435
141.485 7.87419
142.601 8.00598
137.109 8.09804
140.205 7.77613
138.542 7.44531
134.364 8.58442
143.981 6.93486
143.154 7.48526
138.639 8.00515
141.769 7.96813
138.71 8.26789
139.684 7.93517
139.456 7.91934
139.655 7.50645
135.416 8.92333
141.814 8.17685
135.548 8.38326
138.744 7.76243
136.771 9.03624
139.355 8.3018
138.769 8.35985
138.815 7.37274
141.112 7.15288
141.665 8.82596
137.802 8.27077
139.828 7.67781
136.818 7.64145
136.214 7.90902
140.602 7.7948
139.885 8.30781
139.922 7.79064
140.122 8.13783
139.599 6.71463
138.802 8.90652
138.854 8.41218
138.467 8.01572
137.932 8.4609
139.847 8.09626
137.939 8.26185
138.859 7.78208
138.286 7.49297
138.813 8.43921
138.758 7.92657
138.043 8.06812
136.835 9.04168
139.454 7.54803
139.246 8.45426
138.821 8.58374
137.956 8.22087
140.831 7.69874
138.915 7.61881
137.485 7.84686
138.255 8.2349
140.181 8.39441
141.831 8.49366
141.701 8.8982
141.816 7.19043
141.395 7.64518
140.268 8.00253
138.11 8.50565
138.841 7.93071
139.808 8.06962
139.863 8.42364
140.159 8.23716
140.592 7.89166
142.062 9.06788
141.254 7.72812
137.898 8.49308
142.432 8.08162
138.982 8.31082
142.974 7.80363
138.991 7.57735
141.303 8.59326
139.189 8.6538
139.772 8.1696
139.241 8.5293
137.661 8.62606
139.806 8.64279
138.322 9.01373
140.339 8.58636
139.569 8.2144
135.997 7.34213
141.93 7.51005
135.724 8.68177
137.957 8.2122
139.086 8.14709
140.778 8.81137
141.396 7.54234
140.469 8.59163
140.672 8.63307
138.341 8.51862
139.197 8.56193
138.954 8.67939
139.418 8.8131
140.005 8.58121
138.31 8.05797
138.726 8.46612
137.869 7.9662
141.219 7.94729
141.53 8.96208
138.309 8.4373
138.847 7.58455
138.636 8.93304
138.783 6.87263
137.855 7.13456
141.956 7.75865
140.106 6.42722
140.36 7.8294
138.2 6.85034
139.461 7.8861
140.158 7.90439
140.071 7.46137
137.853 7.96831
139.546 7.61539
140.359 6.95951
139.19 8.16202
139.653 7.60263
140.614 7.23029
140.163 8.21196
137.428 8.81687
141.112 7.96962
142.212 7.84051
142.883 8.96834
139.916 8.19404
140.567 8.49224
142.62 8.20575
142.186 8.16784
142.722 8.76795
142.214 7.35933
141.913 8.34155
141.665 8.2272
147.135 7.64118
142.734 8.68141
141.175 7.61129
144.813 8.00184
143.44 8.00372
143.088 8.56866
142.482 8.44899
141.405 8.26351
143.451 8.37469
139.97 8.28964
139.771 7.82759
141.581 7.83446
140.449 8.24478
142.351 7.84897
143.129 6.90161
141.485 9.60839
142.014 6.85201
138.626 8.29776
142.364 8.2128
140.661 7.25403
143.223 7.68128
140.786 7.94201
140.577 8.66647
137.699 8.65215
138.109 8.18745
139.178 8.1494
142.83 7.30685
139.355 7.12474
138.276 8.46213
138.894 8.12758
138.615 8.61165
138.401 8.65486
137.79 7.63723
142.834 8.81477
142.252 7.79672
137.806 7.77892
137.508 8.52567
136.651 9.15742
140.157 7.57102
142.123 8.31128
140.894 7.5035
137.162 8.55196
139.245 9.31548
136.605 8.77034
141.6 8.47284
140.534 8.10972
141.682 7.32764
139.235 7.68042
138.817 7.79238
136.615 8.41938
141.1 7.95862
140.318 6.85396
142.91 8.61021
141.262 7.46264
140.369 8.18495
142.325 8.86496
139.914 9.04744
137.704 8.03242
140.199 8.26811
137.869 9.77002
142.397 7.34551
139.002 7.71018
137.762 7.65534
140.669 8.87789
137.988 8.60086
134.771 7.92363
136.841 7.67787
138.151 7.95651
138.049 7.39792
139.32 7.85792
138.893 7.90129
139.902 7.3514
139.165 7.8956
142.314 7.387
142.968 6.80103
141.7 7.16749
139.854 8.01113
141.751 9.16851
141.292 8.82486
143.896 7.8245
142.82 8.21907
143.266 7.69251
144.642 8.22899
140.177 8.61257
139.242 8.6954
140.915 8.48008
139.62 8.58989
140.001 8.63765
143.381 8.30156
143.115 7.82567
139.641 8.35428
139.047 7.64766
140.043 7.79425
141.246 7.15374
142.839 8.2666
141.529 7.1739
138.731 8.73534
141.508 8.86597
144.572 8.51902
138.959 8.31659
140.683 8.3352
138.911 8.28337
138.175 8.44018
136.546 8.14781
138.593 7.15968
137.581 8.65406
139.374 7.69726
138.412 7.22854
143.711 6.38602
139.406 7.70811
136.819 8.51624
134.852 7.88174
141.902 7.03839
137.392 7.4631
141.208 7.12149
138.625 7.28773
135.921 7.32666
138.702 8.16062
136.066 7.26092
140.258 8.28665
139.913 8.1195
142.732 8.04303
135.068 8.03924
135.453 7.84168
143.157 6.36448
139.798 8.89341
142.346 7.72193
141.753 7.20366
138.158 8.60432
139.347 8.25456
137.034 8.27421
143.186 7.08908
141.963 9.36814
137.34 7.58224
136.094 8.65779
139.438 9.20771
137.217 7.88808
136.539 8.76687
135.796 8.66089
137.904 8.93759
137.624 7.52448
138.129 7.6297
142.284 7.82633
141.835 7.98589
139.31 8.62024
139.916 8.00975
137.724 7.94602
137.652 8.02244
137.615 8.55351
139.202 7.19268
139.466 8.2972
141.786 8.67849
138.303 7.06646
141.313 8.71915
140.488 7.96259
139.407 7.67107
138.237 8.28957
139.084 8.43466
138.621 8.40473
136.177 8.65269
136.941 9.4603
138.699 7.93729
141.446 8.51991
145.878 7.35125
145.613 7.37619
141.761 8.36286
139.42 8.6453
139.307 8.44273
140.44 7.80005
141.462 7.94092
136.532 8.28319
136.796 8.45824
135.912 8.08968
136.916 7.83863
138.115 8.02626
139.955 7.65157
139.804 7.71322
140.641 8.32773
139.987 7.92252
141.468 8.00703
139.589 7.34117
139.362 8.72339
137.757 7.54125
138.237 8.62939
138.076 8.02994
139.624 7.59714
138.789 8.37049
136.794 7.18795
139.719 7.75862
139.795 8.31885
140.404 8.09873
135.937 8.28817
142.343 7.69559
142.895 8.76696
141.274 8.42192
138.869 8.12285
137.18 8.36105
137.784 8.6145
142.047 7.29949
140.435 8.2184
140.992 7.2943
139.339 7.84315
143.533 7.59483
140.256 8.62268
136.226 8.21204
139.327 9.0582
140.157 6.024
142.95 8.76322
140.755 8.71571
136.609 8.87323
138.697 8.11372
141.471 8.53894
142.493 8.79771
135.848 7.86347
139.356 7.67646
141.732 8.19903
141.207 7.92618
140.498 7.72694
139.692 8.41872
139.49 8.6118
140.042 6.95917
140.146 8.53281
140.132 8.47623
140.179 8.65686
140.647 7.25313
139.363 8.9364
142.033 9.02568
146.163 7.984
141.258 8.69394
137.938 7.18989
141.024 8.12208
143.371 8.1774
144.466 8.05173
144.464 7.983
141.766 7.78174
143.596 8.02135
140.716 8.66054
142.749 6.39789
143.33 8.43859
144.057 7.95338
141.601 8.54087
140.55 7.99989
137.929 9.48502
135.591 8.09158
139.601 8.27844
143.013 8.0284
138.508 7.41744
139.588 8.21811
140.15 8.16791
140.718 7.87009
140.155 8.96712
137.21 8.11265
136.432 8.875
138.659 8.28926
139.094 8.0019
138.018 7.92488
139.494 7.80999
141.65 7.59798
138.697 8.45621
140.155 8.50783
142.016 7.9152
139.792 8.75207
133.402 7.33278
136.201 7.99802
139.064 8.33042
141.937 8.96374
138.671 8.09367
142.414 8.67065
144.047 7.4981
140.927 6.80155
137.792 8.96027
141.677 7.21537
138.744 8.32263
139.492 8.18379
141.104 7.8288
141.734 7.70679
144.588 8.80004
140.312 9.46839
139.323 7.72963
139.861 8.30971
141.559 7.70957
140.331 7.1211
140.037 7.68332
141.053 8.07897
137.297 7.29593
137.751 8.36827
140.164 7.74689
139.772 7.84243
142.957 8.21949
141.417 8.16943
141.786 8.59273
141.407 7.9158
138.498 7.41232
139.52 7.0545
136.1 7.78664
137.294 8.57209
140.207 7.01669
139.326 8.01803
140.888 8.69026
142.47 9.01613
139.543 8.60491
140.372 6.34385
136.753 8.34639
139.445 7.81603
140.865 8.3568
139.083 8.65534
136.817 7.98429
141.341 8.61629
138.738 8.20456
137.818 7.9033
139.24 7.98071
137.789 7.20925
140.563 7.21843
140.73 7.81739
142.214 8.17945
140.191 8.558
142.522 7.73852
140.653 8.71162
142.649 7.07266
143.527 8.15705
143.749 8.0438
139.178 8.22557
139.656 8.34412
140.458 7.82901
139.496 7.70527
139.113 7.08384
145.1 8.03975
141.946 7.18851
138.246 8.67557
141.284 8.8475
143.05 8.04093
141.023 7.72541
143.196 8.25737
143.631 8.45222
142.618 6.52916
140.461 9.03447
144.396 8.19641
142.225 8.12022
141.201 8.3536
137.442 8.47182
137.309 8.11315
139.884 9.28048
137.146 8.29843
138.502 7.74782
137.894 8.23719
139.128 6.93599
141.449 8.54745
141.756 9.25905
138.875 8.17054
139.097 8.05305
141.119 7.35526
140.931 7.30891
139.291 9.01619
138.321 7.81579
134.916 7.96033
136.087 7.73759
137.107 8.72738
137.514 7.89987
138.704 7.5301
140.117 8.67358
137.679 6.95896
139.695 8.43607
137.606 8.16534
138.331 8.12906
138.053 8.28313
139.629 8.39473
137.284 8.11263
135.546 8.22598
137.298 7.6303
136.688 7.57736
139.4 9.37862
137.808 8.41615
138.565 7.60875
142.021 7.28334
141.005 7.50314
144.498 7.13246
141.534 7.54166
138.931 8.1145
136.239 7.69239
142.323 7.63322
139.018 9.08125
137.698 7.75845
136.519 8.92196
134.622 8.28813
139.917 8.0275
139.673 7.59108
138.58 7.90148
142.625 8.10168
139.008 7.68818
140.47 8.56156
136.464 8.14714
139.501 9.34446
139.041 8.31464
139.623 8.62007
140.172 8.50437
140.293 7.59809
138.271 8.4093
139.708 8.70647
138.51 7.68124
137.888 7.24527
143.372 7.529
139.09 7.92942
140.698 7.37349
134.779 9.04321
140.496 8.17653
135.398 7.06882
133.75 7.288
137.01 7.17424
136.401 7.94217
136.739 7.44165
137.6 8.20138
136.08 8.21144
135.623 8.29563
135.634 8.03239
140.553 7.77913
137.326 8.31111
139.391 7.45143
137.884 7.68959
142.705 7.7568
139.14 8.77678
138.894 9.06672
138.738 7.45387
140.74 8.06947
140.156 7.14863
142.035 9.21017
139.983 7.85497
138.534 8.07205
140.889 6.75742
140.16 9.16784
138.218 7.1218
138.821 8.7778
141.841 8.17447
140.019 8.87046
141.826 8.15776
140.459 8.41271
139.295 8.19637
137.304 6.89396
141.409 7.66086
138.676 8.06111
138.166 8.56038
139.13 7.83731
140.55 8.01771
141.963 7.70022
142.168 7.53933
141.532 8.32491
138.975 7.62116
138.031 7.3913
138.082 7.88317
136.381 7.61991
138.21 7.91976
139.022 8.23751
137.529 7.54961
136.737 8.20931
138.821 7.31833
137.618 8.45206
137.287 8.10855
136.69 7.80574
136.875 7.42587
138.536 7.79485
138.113 8.52333
139.336 8.61157
138.66 7.64769
136.452 7.81428
136.538 8.71748
140.904 8.57506
139.775 7.74225
142.008 7.30818
141.946 7.77266
139.717 7.82096
140.918 8.26827
139.109 8.46771
140.142 7.10122
136.588 8.43331
139.578 7.89235
140.485 6.88759
140.401 8.10163
138.865 7.51638
136.604 9.10614
137.673 8.75519
138.298 8.4524
139.625 8.34854
138.86 8.06795
138.746 9.30848
137.571 8.15232
137.485 7.39768
137.222 7.81239
136.725 8.4716
138.838 7.64181
139.797 8.03471
142.381 8.4847
138.291 8.04245
142.043 8.72737
138.944 9.05195
141.582 8.11496
142.234 7.96028
141.105 8.03439
140.059 7.75749
138.388 8.15473
136.18 8.63309
137.168 8.50366
140.949 7.55157
140.751 8.08157
141.936 7.62763
139.562 7.41208
137.041 8.98808
139.251 7.44833
139.253 8.20989
136.967 8.09297
141.149 7.39685
138.905 8.29206
139.005 8.26813
141.431 7.39269
141.501 7.95544
135.589 8.49737
141.481 5.93722
137.393 7.89936
137.377 7.70401
137.921 7.62584
137.291 7.94759
138.954 8.2421
139.851 8.18886
137.026 8.38157
136.185 7.60296
140.892 8.05412
139.764 9.2442
141.883 7.49732
142.952 7.36933
143.662 7.94533
141.187 6.96221
141.231 7.70361
139.419 7.71225
141.332 8.65607
137.673 8.96906
138.826 7.4359
140.018 8.13865
137.515 9.52036
139.886 7.40103
139.465 8.44084
138.359 7.71403
140.375 9.36252
137.442 8.47482
140.861 7.81103
139.452 8.64188
141.905 8.40189
138.693 8.7286
137.418 8.64855
139.718 8.46663
142.432 7.4342
140.31 9.09665
141.443 8.0962
138.801 7.89749
140.282 7.53458
139.927 7.6508
140.287 6.95281
139.313 7.80065
140.408 8.06278
138.829 7.95021
141.551 8.26777
137.205 8.57006
137.108 6.55033
135.204 7.54309
136.629 7.56393
139.875 9.30777
138.549 7.18072
137.693 7.50704
139.393 8.41222
139.531 8.24506
138.569 7.80773
136.821 7.52304
139.828 8.29379
140.165 8.05767
142.205 8.41583
140.618 7.41469
140.199 8.64778
140.29 7.44165
138.41 8.31411
138.115 8.95285
141.461 8.00321
136.064 7.38498
137.46 7.9335
141.955 7.75626
141.155 7.97195
140.881 7.72054
144.154 7.69733
141.478 6.33783
145.193 7.52544
139.767 7.53346
140.834 8.52165
141.876 7.18608
139.548 9.17484
143.113 7.68082
137.837 7.74434
136.98 8.3862
141.151 7.44614
141.053 6.20697
139.912 7.07845
137.575 8.36259
141.942 7.76001
140.088 7.39436
140.63 7.17228
140.346 7.71926
139.416 8.25067
137.019 8.49895
137.92 8.50916
138.914 8.71107
138.363 8.95838
141.692 7.63187
138.268 7.36281
142.718 8.50939
141.317 8.40398
142.563 8.16233
137.679 7.79264
140.021 8.19124
140.021 8.51356
141.91 8.1043
141.002 8.73288
139.534 8.88492
139.071 6.86373
137.888 7.65992
134.467 8.71931
137.626 6.99356
137.579 8.15275
141.978 7.60124
141.604 7.87434
137.356 8.04344
138.768 7.68615
138.487 8.6457
140.248 8.71514
143.696 8.13394
141.459 7.38844
139.141 7.89738
137.628 7.843
142.5 7.52483
140.386 8.31666
142.442 8.94793
138.865 6.82235
139.589 7.12088
141.563 8.9588
139.899 8.39633
140.181 8.73998
140.914 7.53696
141.024 9.50016
137.896 7.91106
137.376 7.70389
139.518 7.32345
140.738 7.68203
139.178 7.17285
140.341 8.12839
138.741 8.9915
137.442 7.28836
139.893 7.69046
140.897 7.69357
139.698 8.39215
139.702 7.92696
138.803 7.89509
140.134 8.11796
139.27 8.39047
138.933 8.96014
140.744 7.14704
137.103 7.95632
141.917 7.20778
142.043 6.25599
139.48 8.03217
140.013 8.49809
142.444 6.56136
140.658 9.12737
139.352 8.46548
139.276 8.59052
141.311 7.25167
138.715 8.06185
143.347 7.21904
138.182 8.61875
140.769 8.65909
140.552 7.7472
138.735 8.59368
137.503 8.66241
139.119 7.79179
138.43 8.04572
143.816 7.53519
139.024 8.88269
141.037 7.91111
139.878 8.14372
139.196 7.99328
138.805 9.43747
140.065 8.78481
137.268 7.88509
138.051 8.5397
141.937 7.77642
138.446 7.49522
137.572 7.46221
141.289 9.41646
138.69 7.15666
134.605 7.14939
143.019 8.29616
137.811 7.42734
138.985 8.95362
140.131 7.74721
136.572 8.64725
138.557 8.69909
138.027 8.43236
137.842 9.13098
137.76 8.61289
142.091 7.37128
136.844 7.36787
141.363 8.27862
139.273 7.42564
139.535 7.39383
141.587 8.36821
144.588 8.30377
145.279 7.37982
142.046 8.04936
144.131 8.03625
141.545 8.25709
146.553 7.33135
141.092 7.35184
144.011 6.91553
144.534 7.30041
142.39 7.73174
144.656 7.60561
143.24 8.16271
139.629 8.6978
140.818 8.7365
141.309 7.7888
140.325 7.77761
139.403 7.98667
139.638 8.15224
139.955 8.01616
139.717 7.9382
142.979 6.89454
138.372 8.51321
137.397 7.07697
140.103 8.64105
136.969 8.78888
137.455 8.15443
136.307 9.24992
136.117 8.76936
138.317 8.77523
138.241 8.49174
142.497 8.66123
138.656 8.46083
136.338 8.34863
138.034 6.75744
136.168 8.56834
138.109 8.23512
140.904 8.06128
142.689 8.59108
139.555 7.4922
139.226 8.38986
142.062 7.30104
141.12 8.20198
140.226 9.1726
145.333 8.44555
141.05 6.83968
142.27 8.41379
141.151 8.74333
143.999 7.26941
139.919 7.19601
140.045 7.96553
137.643 8.03694
142.038 7.87681
137.128 8.23581
139.949 7.87426
138.916 7.8549
138.942 8.35951
140.306 8.73587
139.305 7.75615
136.942 9.52453
140.267 7.38038
140.09 8.25495
140.908 8.12646
139.042 8.13521
137.704 7.71541
141.429 7.49828
135.987 7.87263
138.074 8.6018
139.561 6.68954
139.823 8.40607
137.763 8.3464
140.485 7.05831
139.746 7.21034
141.466 6.858
140.09 7.30912
139.316 7.79924
141.126 7.50605
138.29 7.99192
143.343 8.148
138.819 7.60555
138.104 7.38628
137.92 8.34147
139.393 7.80914
138.945 8.76509
138.122 8.20026
136.716 7.60298
140.102 7.69308
139.118 8.19618
140.111 7.89106
139.091 8.49244
138.151 8.51724
134.579 8.36602
137.804 7.75499
137.408 8.31577
137.924 8.03127
139.467 8.81891
137.973 7.18787
137.817 7.7865
138.702 7.13762
143.087 7.55506
141.858 7.78021
142.779 8.23976
142.655 7.18388
139.829 7.06492
135.323 7.92988
140.328 7.74637
142.112 7.84383
138.326 7.71178
142.376 7.88576
141.91 7.36892
138.762 8.06712
138.875 9.24352
144.329 8.26369
138.233 8.23732
137.61 8.27277
138.488 7.47579
139.477 7.63629
137.884 9.24915
138.688 8.1614
141.619 7.50151
143.127 9.42461
138.719 9.13256
141.653 7.99602
139.05 8.83832
138.618 8.68389
142.603 8.71887
141.482 8.19093
140.846 8.261
142.229 7.07962
139.685 7.74738
137.991 8.32035
139.007 7.68922
135.801 8.12735
135.029 8.44449
139.331 7.56565
139.44 8.25353
136.253 7.55884
140.47 8.31508
139.767 7.92001
138.096 8.98271
139.417 8.71929
139.657 8.67303
142.262 7.1544
139.883 7.51198
137.998 8.39253
138.572 7.92772
140.509 7.62246
140.934 7.94786
145.879 8.09528
142.798 7.88265
142.711 8.15816
143.266 7.20793
142.6 8.38552
142.536 8.28855
141.701 7.33754
143.161 7.31423
141.915 7.7476
140.699 7.87428
141.58 7.63211
142.212 7.7776
140.236 7.86091
143.798 7.77726
141.898 8.18772
141.454 7.17265
139.827 7.85059
145.607 7.96969
141.817 7.80482
141.006 7.93285
136.142 9.25726
140.414 7.49363
136.981 7.94136
139.753 8.82008
138.461 8.36965
139.737 6.91268
138.391 7.92097
138.143 8.07555
135.764 8.54691
135.806 8.10281
139.761 8.62639
138.93 8.60433
142.705 8.02109
136.686 7.65952
140.66 7.61123
141.688 6.98324
141.283 7.30643
141.517 7.21707
141.349 8.0946
140.854 8.4585
136.562 8.92429
137.166 7.73595
143.19 8.2094
140.617 7.92219
139.782 7.64189
137.178 8.08959
140.666 8.01117
139.987 7.97851
140.501 8.1089
141.389 8.82824
138.807 7.44659
138.712 7.24638
139.067 7.90593
137.148 7.51041
141.995 7.64369
137.275 8.25508
139.533 7.83834
139.625 7.67915
142.764 7.77832
139.756 8.41063
140.05 7.34092
138.228 8.61763
138.463 7.7442
139.889 8.19125
140.391 8.33014
141.353 8.38818
143.85 8.14564
142.443 8.82513
143.739 8.00175
142.369 8.4538
143.18 9.05897
138.416 8.5178
139.97 8.47139
138.565 7.44635
136.491 7.55435
140.274 7.98213
140.244 7.95777
140.019 8.74537
142.287 8.71414
136.333 8.56182
140.956 8.3732
141.243 7.41634
138.626 8.05383
137.383 9.42132
136.426 8.29683
138.808 8.04663
139.476 7.9999
139.217 7.50869
138.969 8.2039
140.511 8.62903
138.745 8.34176
142.141 7.59526
141.219 7.59294
139.11 7.55245
138.945 7.66961
138.866 7.83589
137.957 8.35731
137.149 8.45743
137.716 8.73676
138.172 8.17371
141.81 7.14136
146.393 7.56937
141.162 7.569
142.587 7.60326
142.071 8.03225
139.119 8.44735
142.505 8.04942
139.737 8.16669
139.437 9.08563
139.83 7.94256
137.788 7.72179
140.972 8.13437
140.543 8.98928
141.821 8.34719
139.167 7.91759
143.105 7.63919
142.228 8.9878
141.932 7.37356
138.482 8.24975
139.005 8.49521
140.844 7.83071
139.129 8.00298
137.628 7.20007
141.085 8.27694
141.166 7.53567
139.492 7.53453
139.28 8.37949
138.526 8.88215
138.476 8.18109
136.928 8.00475
137.654 8.836
139.428 7.89558
139.712 7.89583
137.531 7.89575
140.558 8.49931
139.758 7.59242
137.08 7.01112
140.992 7.98531
141.669 8.39916
138.396 7.98212
140.968 7.96462
140.882 8.10352
141.614 7.73488
141.614 8.23577
139.04 8.61428
139.463 8.57673
141.198 7.91407
140.043 8.18304
137.519 8.41772
141.397 7.91521
139.587 8.12528
137.634 8.85797
137.845 8.41452
141.198 7.80063
140.705 6.78412
140.785 7.53843
138.144 7.74524
140.827 7.99566
140.604 7.81124
142.17 7.79021
139.754 7.11328
139.482 7.31764
139.151 8.3025
137.724 8.85428
140.748 8.00732
137.38 9.039
137.681 9.32328
138.919 7.8917
139.018 7.67261
139.044 8.54402
141.317 7.5926
142.533 8.18727
141.118 7.48061
139.026 8.06838
143.295 7.56666
140.114 7.96044
139.901 7.29334
139.447 8.60484
137.935 8.53693
137.747 9.18787
142.14 8.03623
140.264 8.17721
139.383 7.40476
136.19 8.7973
138.036 7.74369
138.542 7.60399
139.162 8.48888
140.244 7.13791
139.93 7.68394
140.357 7.39135
140.771 7.72634
137.859 9.20879
143.647 8.24206
143.728 8.49443
142.686 7.7858
145.114 7.2515
145.723 7.65478
141.228 8.11883
136.876 9.65865
140.134 7.64582
138.898 7.82305
139.502 7.29266
139.767 8.47021
139.92 8.53442
138.856 8.93012
138.43 8.0699
139.701 8.26881
141.689 7.85092
142.122 7.89515
139.508 7.4617
141.106 7.35511
141.89 9.1505
141.786 8.11159
144.067 7.09951
143.847 7.40693
139.975 7.73305
142.777 8.2616
140.688 7.39523
140.5 6.75423
137.563 8.1134
139.232 8.30197
141.245 7.32734
139.563 7.29702
137.479 8.18286
144.949 7.99223
138.336 8.3714
135.304 8.43583
140.747 7.91255
141.461 8.00953
139.207 7.61628
138.958 8.19747
140.282 8.47095
140.838 7.65247
138.658 7.78936
143.728 6.96829
144.035 7.89796
142.669 7.5659
142.198 8.08599
138.013 7.99662
138.889 7.29172
138.663 7.7483
138.265 7.90145
139.611 8.14399
139.802 7.53454
140.867 7.06216
140.377 8.16942
